2024-03-27 10:58:58,487 [Worker-2: Loading available Gradle versions] INFO  o.e.b.c.i.u.g.PublishedGradleVersions - Gradle version information cache is up-to-date. Trying to read.
2024-03-27 10:59:31,066 [Worker-1: Building] INFO  o.e.m.c.i.l.LifecycleMappingFactory - Using org.eclipse.m2e.jdt.JarLifecycleMapping lifecycle mapping for MavenProject: sysc5105:multiKnapsack:0.0.1-SNAPSHOT @ /Users/devansheevankani/Library/Mobile Documents/com~apple~CloudDocs/Grad/Winter 2024/SYSC 5900/SYSC5105Project/multiKnapsack/pom.xml.
2024-03-27 10:59:31,359 [Worker-1: Building] INFO  o.a.m.s.f.DefaultMavenResourcesFiltering - skip non existing resourceDirectory /Users/devansheevankani/Library/Mobile Documents/com~apple~CloudDocs/Grad/Winter 2024/SYSC 5900/SYSC5105Project/multiKnapsack/src/main/resources
2024-03-27 10:59:31,362 [Worker-1: Building] INFO  o.a.m.s.f.DefaultMavenResourcesFiltering - skip non existing resourceDirectory /Users/devansheevankani/Library/Mobile Documents/com~apple~CloudDocs/Grad/Winter 2024/SYSC 5900/SYSC5105Project/multiKnapsack/src/test/resources
2024-03-27 10:59:31,726 [Worker-21: Building] INFO  o.a.m.s.f.DefaultMavenResourcesFiltering - skip non existing resourceDirectory /Users/devansheevankani/Library/Mobile Documents/com~apple~CloudDocs/Grad/Winter 2024/SYSC 5900/SYSC5105Project/multiKnapsack/src/main/resources
2024-03-27 10:59:31,728 [Worker-21: Building] INFO  o.a.m.s.f.DefaultMavenResourcesFiltering - skip non existing resourceDirectory /Users/devansheevankani/Library/Mobile Documents/com~apple~CloudDocs/Grad/Winter 2024/SYSC 5900/SYSC5105Project/multiKnapsack/src/test/resources
2024-03-27 10:59:31,887 [Worker-29: Updating Maven Dependencies] INFO  o.e.m.c.i.l.LifecycleMappingFactory - Using org.eclipse.m2e.jdt.JarLifecycleMapping lifecycle mapping for MavenProject: sysc5105:multiKnapsack:0.0.1-SNAPSHOT @ /Users/devansheevankani/Library/Mobile Documents/com~apple~CloudDocs/Grad/Winter 2024/SYSC 5900/SYSC5105Project/multiKnapsack/pom.xml.
2024-03-27 10:59:33,156 [Worker-27: Building] INFO  o.a.m.s.f.DefaultMavenResourcesFiltering - skip non existing resourceDirectory /Users/devansheevankani/Library/Mobile Documents/com~apple~CloudDocs/Grad/Winter 2024/SYSC 5900/SYSC5105Project/multiKnapsack/src/main/resources
2024-03-27 10:59:33,157 [Worker-27: Building] INFO  o.a.m.s.f.DefaultMavenResourcesFiltering - skip non existing resourceDirectory /Users/devansheevankani/Library/Mobile Documents/com~apple~CloudDocs/Grad/Winter 2024/SYSC 5900/SYSC5105Project/multiKnapsack/src/test/resources
2024-04-01 16:03:18,167 [Worker-8: Loading available Gradle versions] INFO  o.e.b.c.i.u.g.PublishedGradleVersions - Gradle version information cache is up-to-date. Trying to read.
2024-04-01 16:03:18,861 [Worker-14: Building] INFO  o.a.m.s.f.DefaultMavenResourcesFiltering - skip non existing resourceDirectory /Users/devansheevankani/Library/Mobile Documents/com~apple~CloudDocs/Grad/Winter 2024/SYSC 5900/SYSC5105Project/multiKnapsack/src/main/resources
2024-04-01 16:03:18,863 [Worker-14: Building] INFO  o.a.m.s.f.DefaultMavenResourcesFiltering - skip non existing resourceDirectory /Users/devansheevankani/Library/Mobile Documents/com~apple~CloudDocs/Grad/Winter 2024/SYSC 5900/SYSC5105Project/multiKnapsack/src/test/resources
2024-04-01 16:03:19,254 [Worker-2: Building] INFO  o.a.m.s.f.DefaultMavenResourcesFiltering - skip non existing resourceDirectory /Users/devansheevankani/Library/Mobile Documents/com~apple~CloudDocs/Grad/Winter 2024/SYSC 5900/SYSC5105Project/multiKnapsack/src/main/resources
2024-04-01 16:03:19,255 [Worker-2: Building] INFO  o.a.m.s.f.DefaultMavenResourcesFiltering - skip non existing resourceDirectory /Users/devansheevankani/Library/Mobile Documents/com~apple~CloudDocs/Grad/Winter 2024/SYSC 5900/SYSC5105Project/multiKnapsack/src/test/resources
2024-04-01 16:08:18,561 [Worker-11: Building] INFO  o.a.m.s.f.DefaultMavenResourcesFiltering - skip non existing resourceDirectory /Users/devansheevankani/Library/Mobile Documents/com~apple~CloudDocs/Grad/Winter 2024/SYSC 5900/SYSC5105Project/multiKnapsack/src/main/resources
2024-04-01 16:08:18,563 [Worker-11: Building] INFO  o.a.m.s.f.DefaultMavenResourcesFiltering - skip non existing resourceDirectory /Users/devansheevankani/Library/Mobile Documents/com~apple~CloudDocs/Grad/Winter 2024/SYSC 5900/SYSC5105Project/multiKnapsack/src/test/resources
2024-04-01 16:13:15,652 [Worker-30: Importing Maven projects] INFO  o.e.m.c.i.l.LifecycleMappingFactory - Using org.eclipse.m2e.jdt.JarLifecycleMapping lifecycle mapping for MavenProject: sysc5105:multiKnapsack:0.0.1-SNAPSHOT @ /Users/devansheevankani/Library/Mobile Documents/com~apple~CloudDocs/Grad/Winter 2024/SYSC 5900/SYSC5105Project/multiKnapsack/pom.xml.
2024-04-01 16:13:15,703 [Worker-30: Importing Maven projects] INFO  o.e.m.j.i.AbstractJavaProjectConfigurator - Adding source folder /multiKnapsack/src/main/java
2024-04-01 16:13:15,703 [Worker-30: Importing Maven projects] INFO  o.e.m.j.i.AbstractJavaProjectConfigurator - Adding resource folder /multiKnapsack/src/main/resources
2024-04-01 16:13:15,704 [Worker-30: Importing Maven projects] INFO  o.e.m.j.i.AbstractJavaProjectConfigurator - Adding source folder /multiKnapsack/src/test/java
2024-04-01 16:13:15,704 [Worker-30: Importing Maven projects] INFO  o.e.m.j.i.AbstractJavaProjectConfigurator - Adding resource folder /multiKnapsack/src/test/resources
2024-04-01 16:13:15,717 [Worker-30: Importing Maven projects] INFO  o.e.m.c.i.p.ProjectConfigurationManager - Imported and configured 1 project(s) in 0 sec
2024-04-01 16:13:16,060 [Worker-11: Building] INFO  o.a.m.s.f.DefaultMavenResourcesFiltering - skip non existing resourceDirectory /Users/devansheevankani/Library/Mobile Documents/com~apple~CloudDocs/Grad/Winter 2024/SYSC 5900/SYSC5105Project/multiKnapsack/src/main/resources
2024-04-01 16:13:16,061 [Worker-11: Building] INFO  o.a.m.s.f.DefaultMavenResourcesFiltering - skip non existing resourceDirectory /Users/devansheevankani/Library/Mobile Documents/com~apple~CloudDocs/Grad/Winter 2024/SYSC 5900/SYSC5105Project/multiKnapsack/src/test/resources
2024-04-01 16:40:42,090 [Worker-11: Building] INFO  o.e.m.c.i.l.LifecycleMappingFactory - Using org.eclipse.m2e.jdt.JarLifecycleMapping lifecycle mapping for MavenProject: sysc5105:multiKnapsack:0.0.1-SNAPSHOT @ /Users/devansheevankani/Library/Mobile Documents/com~apple~CloudDocs/Grad/Winter 2024/SYSC 5900/SYSC5105Project/multiKnapsack/pom.xml.
2024-04-01 16:40:42,135 [Worker-11: Building] INFO  o.a.m.s.f.DefaultMavenResourcesFiltering - skip non existing resourceDirectory /Users/devansheevankani/Library/Mobile Documents/com~apple~CloudDocs/Grad/Winter 2024/SYSC 5900/SYSC5105Project/multiKnapsack/src/main/resources
2024-04-01 16:40:42,136 [Worker-11: Building] INFO  o.a.m.s.f.DefaultMavenResourcesFiltering - skip non existing resourceDirectory /Users/devansheevankani/Library/Mobile Documents/com~apple~CloudDocs/Grad/Winter 2024/SYSC 5900/SYSC5105Project/multiKnapsack/src/test/resources
2024-04-04 00:26:53,862 [Worker-97: Building] INFO  o.e.m.c.i.l.LifecycleMappingFactory - Using org.eclipse.m2e.jdt.JarLifecycleMapping lifecycle mapping for MavenProject: sysc5105:multiKnapsack:0.0.1-SNAPSHOT @ /Users/devansheevankani/Library/Mobile Documents/com~apple~CloudDocs/Grad/Winter 2024/SYSC 5900/SYSC5105Project/multiKnapsack/pom.xml.
2024-04-04 00:26:53,995 [Worker-97: Building] INFO  o.a.m.s.f.DefaultMavenResourcesFiltering - skip non existing resourceDirectory /Users/devansheevankani/Library/Mobile Documents/com~apple~CloudDocs/Grad/Winter 2024/SYSC 5900/SYSC5105Project/multiKnapsack/src/main/resources
2024-04-04 00:26:53,996 [Worker-97: Building] INFO  o.a.m.s.f.DefaultMavenResourcesFiltering - skip non existing resourceDirectory /Users/devansheevankani/Library/Mobile Documents/com~apple~CloudDocs/Grad/Winter 2024/SYSC 5900/SYSC5105Project/multiKnapsack/src/test/resources
